<?xml version="1.0" encoding="UTF-8"?>
<testsuite xmlns:xsi="http://www.w3.org/2001/XMLSchema-instance" xsi:noNamespaceSchemaLocation="https://maven.apache.org/surefire/maven-surefire-plugin/xsd/surefire-test-report-3.0.xsd" version="3.0" name="nba.s5_nba_back.S5NbaBackApplicationTests" time="1.916" tests="1" errors="0" skipped="0" failures="0">
  <properties>
[...]
</properties>
  <testcase name="contextLoads" classname="nba.s5_nba_back.S5NbaBackApplicationTests" time="0.35">
    <system-out><![CDATA[16:11:25.235 [main] INFO org.springframework.test.context.support.AnnotationConfigContextLoaderUtils -- Could not detect default configuration classes for test class [nba.s5_nba_back.S5NbaBackApplicationTests]: S5NbaBackApplicationTests does not declare any static, non-private, non-final, nested classes annotated with @Configuration.
16:11:25.271 [main] INFO org.springframework.boot.test.context.SpringBootTestContextBootstrapper -- Found @SpringBootConfiguration nba.s5_nba_back.S5NbaBackApplication for test class nba.s5_nba_back.S5NbaBackApplicationTests

  .   ____          _            __ _ _
 /\\ / ___'_ __ _ _(_)_ __  __ _ \ \ \ \
( ( )\___ | '_ | '_| | '_ \/ _` | \ \ \ \
 \\/  ___)| |_)| | | | | || (_| |  ) ) ) )
  '  |____| .__|_| |_|_| |_\__, | / / / /
 =========|_|==============|___/=/_/_/_/
 :: Spring Boot ::                (v3.1.5)

2023-11-21T16:11:25.397+03:00  INFO 30587 --- [           main] n.s5_nba_back.S5NbaBackApplicationTests  : Starting S5NbaBackApplicationTests using Java 17.0.5 with PID 30587 (started by priscafehiarisoadama in /Users/priscafehiarisoadama/IdeaProjects/S5_NBA_back)
2023-11-21T16:11:25.398+03:00  INFO 30587 --- [           main] n.s5_nba_back.S5NbaBackApplicationTests  : No active profile set, falling back to 1 default profile: "default"
2023-11-21T16:11:25.608+03:00  INFO 30587 --- [           main] .s.d.r.c.RepositoryConfigurationDelegate : Bootstrapping Spring Data JPA repositories in DEFAULT mode.
2023-11-21T16:11:25.629+03:00  INFO 30587 --- [           main] .s.d.r.c.RepositoryConfigurationDelegate : Finished Spring Data repository scanning in 18 ms. Found 6 JPA repository interfaces.
2023-11-21T16:11:25.787+03:00  INFO 30587 --- [           main] o.hibernate.jpa.internal.util.LogHelper  : HHH000204: Processing PersistenceUnitInfo [name: default]
2023-11-21T16:11:25.807+03:00  INFO 30587 --- [           main] org.hibernate.Version                    : HHH000412: Hibernate ORM core version 6.2.13.Final
2023-11-21T16:11:25.808+03:00  INFO 30587 --- [           main] org.hibernate.cfg.Environment            : HHH000406: Using bytecode reflection optimizer
2023-11-21T16:11:25.909+03:00  INFO 30587 --- [           main] o.s.o.j.p.SpringPersistenceUnitInfo      : No LoadTimeWeaver setup: ignoring JPA class transformer
2023-11-21T16:11:25.918+03:00  INFO 30587 --- [           main] com.zaxxer.hikari.HikariDataSource       : HikariPool-1 - Starting...
2023-11-21T16:11:25.967+03:00  INFO 30587 --- [           main] com.zaxxer.hikari.pool.HikariPool        : HikariPool-1 - Added connection org.postgresql.jdbc.PgConnection@6629643d
2023-11-21T16:11:25.967+03:00  INFO 30587 --- [           main] com.zaxxer.hikari.HikariDataSource       : HikariPool-1 - Start completed.
2023-11-21T16:11:25.986+03:00  WARN 30587 --- [           main] org.hibernate.orm.deprecation            : HHH90000025: PostgreSQLDialect does not need to be specified explicitly using 'hibernate.dialect' (remove the property setting and it will be selected by default)
2023-11-21T16:11:26.329+03:00  INFO 30587 --- [           main] o.h.e.t.j.p.i.JtaPlatformInitiator       : HHH000489: No JTA platform available (set 'hibernate.transaction.jta.platform' to enable JTA platform integration)
2023-11-21T16:11:26.413+03:00  INFO 30587 --- [           main] j.LocalContainerEntityManagerFactoryBean : Initialized JPA EntityManagerFactory for persistence unit 'default'
2023-11-21T16:11:26.469+03:00  WARN 30587 --- [           main] JpaBaseConfiguration$JpaWebConfiguration : spring.jpa.open-in-view is enabled by default. Therefore, database queries may be performed during view rendering. Explicitly configure spring.jpa.open-in-view to disable this warning
2023-11-21T16:11:26.734+03:00  INFO 30587 --- [           main] n.s5_nba_back.S5NbaBackApplicationTests  : Started S5NbaBackApplicationTests in 1.419 seconds (process running for 1.75)
]]></system-out>
  </testcase>
</testsuite>